# JRE version: OpenJDK Runtime Environment Temurin-17.0.5+8 (17.0.5+8) (build 17.0.5+8)
# Java VM: OpenJDK 64-Bit Server VM Temurin-17.0.5+8 (17.0.5+8, mixed mode, emulated-client, tiered, compressed oops, compressed class ptrs, g1 gc, windows-amd64)
GC Precious Log:
 CPUs: 16 total, 16 available
 Memory: 32691M
 Large Page Support: Disabled
 NUMA Support: Disabled
 Compressed Oops: Enabled (32-bit)
 Heap Region Size: 1M
 Heap Min Capacity: 8M
 Heap Initial Capacity: 512M
 Heap Max Capacity: 1G
 Pre-touch: Disabled
 Parallel Workers: 13
 Concurrent Workers: 3
 Concurrent Refinement Workers: 13
 Periodic GC: Disabled
Heap:
 garbage-first heap   total 133120K, used 39458K [0x00000000c0000000, 0x0000000100000000)
  region size 1024K, 1 young (1024K), 0 survivors (0K)
 Metaspace       used 70951K, committed 71744K, reserved 1114112K
  class space    used 9688K, committed 10048K, reserved 1048576K
GC Heap History (20 events):
Event: 5820.188 GC heap before
{Heap before GC invocations=221 (full 185):
 garbage-first heap   total 133120K, used 39474K [0x00000000c0000000, 0x0000000100000000)
  region size 1024K, 1 young (1024K), 0 survivors (0K)
 Metaspace       used 70961K, committed 71744K, reserved 1114112K
  class space    used 9690K, committed 10048K, reserved 1048576K
}
Event: 5820.222 GC heap after
{Heap after GC invocations=222 (full 186):
 garbage-first heap   total 133120K, used 39471K [0x00000000c0000000, 0x0000000100000000)
  region size 1024K, 0 young (0K), 0 survivors (0K)
 Metaspace       used 70961K, committed 71744K, reserved 1114112K
  class space    used 9690K, committed 10048K, reserved 1048576K
}
Event: 5830.314 GC heap before
{Heap before GC invocations=222 (full 186):
 garbage-first heap   total 133120K, used 39471K [0x00000000c0000000, 0x0000000100000000)
  region size 1024K, 1 young (1024K), 0 survivors (0K)
 Metaspace       used 70961K, committed 71744K, reserved 1114112K
  class space    used 9690K, committed 10048K, reserved 1048576K
}
Event: 5830.347 GC heap after
{Heap after GC invocations=223 (full 187):
 garbage-first heap   total 133120K, used 39471K [0x00000000c0000000, 0x0000000100000000)
  region size 1024K, 0 young (0K), 0 survivors (0K)
 Metaspace       used 70961K, committed 71744K, reserved 1114112K
  class space    used 9690K, committed 10048K, reserved 1048576K
}
Event: 5840.446 GC heap before
{Heap before GC invocations=223 (full 187):
 garbage-first heap   total 133120K, used 39471K [0x00000000c0000000, 0x0000000100000000)
  region size 1024K, 1 young (1024K), 0 survivors (0K)
 Metaspace       used 70961K, committed 71744K, reserved 1114112K
  class space    used 9690K, committed 10048K, reserved 1048576K
}
Event: 5840.486 GC heap after
{Heap after GC invocations=224 (full 188):
 garbage-first heap   total 133120K, used 39459K [0x00000000c0000000, 0x0000000100000000)
  region size 1024K, 0 young (0K), 0 survivors (0K)
 Metaspace       used 70951K, committed 71744K, reserved 1114112K
  class space    used 9688K, committed 10048K, reserved 1048576K
}
Event: 5850.593 GC heap before
{Heap before GC invocations=224 (full 188):
 garbage-first heap   total 133120K, used 39459K [0x00000000c0000000, 0x0000000100000000)
  region size 1024K, 1 young (1024K), 0 survivors (0K)
 Metaspace       used 70951K, committed 71744K, reserved 1114112K
  class space    used 9688K, committed 10048K, reserved 1048576K
}
Event: 5850.625 GC heap after
{Heap after GC invocations=225 (full 189):
 garbage-first heap   total 133120K, used 39458K [0x00000000c0000000, 0x0000000100000000)
  region size 1024K, 0 young (0K), 0 survivors (0K)
 Metaspace       used 70951K, committed 71744K, reserved 1114112K
  class space    used 9688K, committed 10048K, reserved 1048576K
}
Event: 5860.728 GC heap before
{Heap before GC invocations=225 (full 189):
 garbage-first heap   total 133120K, used 39458K [0x00000000c0000000, 0x0000000100000000)
  region size 1024K, 1 young (1024K), 0 survivors (0K)
 Metaspace       used 70951K, committed 71744K, reserved 1114112K
  class space    used 9688K, committed 10048K, reserved 1048576K
}
Event: 5860.758 GC heap after
{Heap after GC invocations=226 (full 190):
 garbage-first heap   total 133120K, used 39458K [0x00000000c0000000, 0x0000000100000000)
  region size 1024K, 0 young (0K), 0 survivors (0K)
 Metaspace       used 70951K, committed 71744K, reserved 1114112K
  class space    used 9688K, committed 10048K, reserved 1048576K
}
Event: 5870.859 GC heap before
{Heap before GC invocations=226 (full 190):
 garbage-first heap   total 133120K, used 39458K [0x00000000c0000000, 0x0000000100000000)
  region size 1024K, 1 young (1024K), 0 survivors (0K)
 Metaspace       used 70951K, committed 71744K, reserved 1114112K
  class space    used 9688K, committed 10048K, reserved 1048576K
}
Event: 5870.891 GC heap after
{Heap after GC invocations=227 (full 191):
 garbage-first heap   total 133120K, used 39458K [0x00000000c0000000, 0x0000000100000000)
  region size 1024K, 0 young (0K), 0 survivors (0K)
 Metaspace       used 70951K, committed 71744K, reserved 1114112K
  class space    used 9688K, committed 10048K, reserved 1048576K
}
Event: 5880.999 GC heap before
{Heap before GC invocations=227 (full 191):
 garbage-first heap   total 133120K, used 39458K [0x00000000c0000000, 0x0000000100000000)
  region size 1024K, 1 young (1024K), 0 survivors (0K)
 Metaspace       used 70951K, committed 71744K, reserved 1114112K
  class space    used 9688K, committed 10048K, reserved 1048576K
}
Event: 5881.031 GC heap after
{Heap after GC invocations=228 (full 192):
 garbage-first heap   total 133120K, used 39458K [0x00000000c0000000, 0x0000000100000000)
  region size 1024K, 0 young (0K), 0 survivors (0K)
 Metaspace       used 70951K, committed 71744K, reserved 1114112K
  class space    used 9688K, committed 10048K, reserved 1048576K
}
Event: 5891.141 GC heap before
{Heap before GC invocations=228 (full 192):
 garbage-first heap   total 133120K, used 39458K [0x00000000c0000000, 0x0000000100000000)
  region size 1024K, 1 young (1024K), 0 survivors (0K)
 Metaspace       used 70951K, committed 71744K, reserved 1114112K
  class space    used 9688K, committed 10048K, reserved 1048576K
}
Event: 5891.174 GC heap after
{Heap after GC invocations=229 (full 193):
 garbage-first heap   total 133120K, used 39458K [0x00000000c0000000, 0x0000000100000000)
  region size 1024K, 0 young (0K), 0 survivors (0K)
 Metaspace       used 70951K, committed 71744K, reserved 1114112K
  class space    used 9688K, committed 10048K, reserved 1048576K
}
Event: 5901.286 GC heap before
{Heap before GC invocations=229 (full 193):
 garbage-first heap   total 133120K, used 39458K [0x00000000c0000000, 0x0000000100000000)
  region size 1024K, 1 young (1024K), 0 survivors (0K)
 Metaspace       used 70951K, committed 71744K, reserved 1114112K
  class space    used 9688K, committed 10048K, reserved 1048576K
}
Event: 5901.318 GC heap after
{Heap after GC invocations=230 (full 194):
 garbage-first heap   total 133120K, used 39458K [0x00000000c0000000, 0x0000000100000000)
  region size 1024K, 0 young (0K), 0 survivors (0K)
 Metaspace       used 70951K, committed 71744K, reserved 1114112K
  class space    used 9688K, committed 10048K, reserved 1048576K
}
Event: 5911.569 GC heap before
{Heap before GC invocations=230 (full 194):
 garbage-first heap   total 133120K, used 39458K [0x00000000c0000000, 0x0000000100000000)
  region size 1024K, 1 young (1024K), 0 survivors (0K)
 Metaspace       used 70951K, committed 71744K, reserved 1114112K
  class space    used 9688K, committed 10048K, reserved 1048576K
}
Event: 5911.603 GC heap after
{Heap after GC invocations=231 (full 195):
 garbage-first heap   total 133120K, used 39458K [0x00000000c0000000, 0x0000000100000000)
  region size 1024K, 0 young (0K), 0 survivors (0K)
 Metaspace       used 70951K, committed 71744K, reserved 1114112K
  class space    used 9688K, committed 10048K, reserved 1048576K
}

