# JRE version: OpenJDK Runtime Environment Temurin-17.0.5+8 (17.0.5+8) (build 17.0.5+8)
# Java VM: OpenJDK 64-Bit Server VM Temurin-17.0.5+8 (17.0.5+8, mixed mode, tiered, compressed oops, compressed class ptrs, parallel gc, windows-amd64)
GC Precious Log:
 CPUs: 16 total, 16 available
 Memory: 32691M
 Large Page Support: Disabled
 NUMA Support: Disabled
 Compressed Oops: Enabled (32-bit)
 Alignments: Space 512K, Generation 512K, Heap 2M
 Heap Min Capacity: 100M
 Heap Initial Capacity: 100M
 Heap Max Capacity: 1G
 Pre-touch: Disabled
 Parallel Workers: 13
Heap:
 PSYoungGen      total 29184K, used 12367K [0x00000000eab00000, 0x00000000ed080000, 0x0000000100000000)
  eden space 21504K, 21% used [0x00000000eab00000,0x00000000eaf9bc20,0x00000000ec000000)
  from space 7680K, 99% used [0x00000000ec800000,0x00000000ecf78000,0x00000000ecf80000)
  to   space 8192K, 0% used [0x00000000ec000000,0x00000000ec000000,0x00000000ec800000)
 ParOldGen       total 68608K, used 20589K [0x00000000c0000000, 0x00000000c4300000, 0x00000000eab00000)
  object space 68608K, 30% used [0x00000000c0000000,0x00000000c141b6b8,0x00000000c4300000)
 Metaspace       used 35648K, committed 36352K, reserved 1089536K
  class space    used 3606K, committed 3904K, reserved 1048576K
GC Heap History (20 events):
Event: 1.741 GC heap before
{Heap before GC invocations=7 (full 1):
 PSYoungGen      total 29696K, used 25600K [0x00000000eab00000, 0x00000000ed000000, 0x0000000100000000)
  eden space 25600K, 100% used [0x00000000eab00000,0x00000000ec400000,0x00000000ec400000)
  from space 4096K, 0% used [0x00000000ec400000,0x00000000ec400000,0x00000000ec800000)
  to   space 6144K, 0% used [0x00000000eca00000,0x00000000eca00000,0x00000000ed000000)
 ParOldGen       total 68608K, used 10380K [0x00000000c0000000, 0x00000000c4300000, 0x00000000eab00000)
  object space 68608K, 15% used [0x00000000c0000000,0x00000000c0a232e8,0x00000000c4300000)
 Metaspace       used 24737K, committed 25216K, reserved 1073152K
  class space    used 2519K, committed 2688K, reserved 1048576K
}
Event: 1.742 GC heap after
{Heap after GC invocations=7 (full 1):
 PSYoungGen      total 27136K, used 1594K [0x00000000eab00000, 0x00000000ecc00000, 0x0000000100000000)
  eden space 25088K, 0% used [0x00000000eab00000,0x00000000eab00000,0x00000000ec380000)
  from space 2048K, 77% used [0x00000000eca00000,0x00000000ecb8e800,0x00000000ecc00000)
  to   space 3584K, 0% used [0x00000000ec500000,0x00000000ec500000,0x00000000ec880000)
 ParOldGen       total 68608K, used 10388K [0x00000000c0000000, 0x00000000c4300000, 0x00000000eab00000)
  object space 68608K, 15% used [0x00000000c0000000,0x00000000c0a252e8,0x00000000c4300000)
 Metaspace       used 24737K, committed 25216K, reserved 1073152K
  class space    used 2519K, committed 2688K, reserved 1048576K
}
Event: 1.855 GC heap before
{Heap before GC invocations=8 (full 1):
 PSYoungGen      total 27136K, used 26609K [0x00000000eab00000, 0x00000000ecc00000, 0x0000000100000000)
  eden space 25088K, 99% used [0x00000000eab00000,0x00000000ec36dda0,0x00000000ec380000)
  from space 2048K, 77% used [0x00000000eca00000,0x00000000ecb8e800,0x00000000ecc00000)
  to   space 3584K, 0% used [0x00000000ec500000,0x00000000ec500000,0x00000000ec880000)
 ParOldGen       total 68608K, used 10388K [0x00000000c0000000, 0x00000000c4300000, 0x00000000eab00000)
  object space 68608K, 15% used [0x00000000c0000000,0x00000000c0a252e8,0x00000000c4300000)
 Metaspace       used 27950K, committed 28480K, reserved 1081344K
  class space    used 2754K, committed 2944K, reserved 1048576K
}
Event: 1.856 GC heap after
{Heap after GC invocations=8 (full 1):
 PSYoungGen      total 28160K, used 3282K [0x00000000eab00000, 0x00000000ecb00000, 0x0000000100000000)
  eden space 24576K, 0% used [0x00000000eab00000,0x00000000eab00000,0x00000000ec300000)
  from space 3584K, 91% used [0x00000000ec500000,0x00000000ec834888,0x00000000ec880000)
  to   space 2560K, 0% used [0x00000000ec880000,0x00000000ec880000,0x00000000ecb00000)
 ParOldGen       total 68608K, used 10396K [0x00000000c0000000, 0x00000000c4300000, 0x00000000eab00000)
  object space 68608K, 15% used [0x00000000c0000000,0x00000000c0a272e8,0x00000000c4300000)
 Metaspace       used 27950K, committed 28480K, reserved 1081344K
  class space    used 2754K, committed 2944K, reserved 1048576K
}
Event: 2.043 GC heap before
{Heap before GC invocations=9 (full 1):
 PSYoungGen      total 28160K, used 27858K [0x00000000eab00000, 0x00000000ecb00000, 0x0000000100000000)
  eden space 24576K, 100% used [0x00000000eab00000,0x00000000ec300000,0x00000000ec300000)
  from space 3584K, 91% used [0x00000000ec500000,0x00000000ec834888,0x00000000ec880000)
  to   space 2560K, 0% used [0x00000000ec880000,0x00000000ec880000,0x00000000ecb00000)
 ParOldGen       total 68608K, used 10396K [0x00000000c0000000, 0x00000000c4300000, 0x00000000eab00000)
  object space 68608K, 15% used [0x00000000c0000000,0x00000000c0a272e8,0x00000000c4300000)
 Metaspace       used 31097K, committed 31744K, reserved 1081344K
  class space    used 3053K, committed 3328K, reserved 1048576K
}
Event: 2.044 GC heap after
{Heap after GC invocations=9 (full 1):
 PSYoungGen      total 26624K, used 2518K [0x00000000eab00000, 0x00000000ecb00000, 0x0000000100000000)
  eden space 24064K, 0% used [0x00000000eab00000,0x00000000eab00000,0x00000000ec280000)
  from space 2560K, 98% used [0x00000000ec880000,0x00000000ecaf5a30,0x00000000ecb00000)
  to   space 3072K, 0% used [0x00000000ec500000,0x00000000ec500000,0x00000000ec800000)
 ParOldGen       total 68608K, used 10404K [0x00000000c0000000, 0x00000000c4300000, 0x00000000eab00000)
  object space 68608K, 15% used [0x00000000c0000000,0x00000000c0a292e8,0x00000000c4300000)
 Metaspace       used 31097K, committed 31744K, reserved 1081344K
  class space    used 3053K, committed 3328K, reserved 1048576K
}
Event: 2.315 GC heap before
{Heap before GC invocations=10 (full 1):
 PSYoungGen      total 26624K, used 26582K [0x00000000eab00000, 0x00000000ecb00000, 0x0000000100000000)
  eden space 24064K, 100% used [0x00000000eab00000,0x00000000ec280000,0x00000000ec280000)
  from space 2560K, 98% used [0x00000000ec880000,0x00000000ecaf5a30,0x00000000ecb00000)
  to   space 3072K, 0% used [0x00000000ec500000,0x00000000ec500000,0x00000000ec800000)
 ParOldGen       total 68608K, used 10404K [0x00000000c0000000, 0x00000000c4300000, 0x00000000eab00000)
  object space 68608K, 15% used [0x00000000c0000000,0x00000000c0a292e8,0x00000000c4300000)
 Metaspace       used 35103K, committed 35776K, reserved 1081344K
  class space    used 3555K, committed 3840K, reserved 1048576K
}
Event: 2.317 GC heap after
{Heap after GC invocations=10 (full 1):
 PSYoungGen      total 26112K, used 2323K [0x00000000eab00000, 0x00000000ec900000, 0x0000000100000000)
  eden space 23552K, 0% used [0x00000000eab00000,0x00000000eab00000,0x00000000ec200000)
  from space 2560K, 90% used [0x00000000ec500000,0x00000000ec744c70,0x00000000ec780000)
  to   space 1536K, 0% used [0x00000000ec780000,0x00000000ec780000,0x00000000ec900000)
 ParOldGen       total 68608K, used 11860K [0x00000000c0000000, 0x00000000c4300000, 0x00000000eab00000)
  object space 68608K, 17% used [0x00000000c0000000,0x00000000c0b951a8,0x00000000c4300000)
 Metaspace       used 35103K, committed 35776K, reserved 1081344K
  class space    used 3555K, committed 3840K, reserved 1048576K
}
Event: 2.318 GC heap before
{Heap before GC invocations=11 (full 1):
 PSYoungGen      total 26112K, used 2467K [0x00000000eab00000, 0x00000000ec900000, 0x0000000100000000)
  eden space 23552K, 0% used [0x00000000eab00000,0x00000000eab23fc0,0x00000000ec200000)
  from space 2560K, 90% used [0x00000000ec500000,0x00000000ec744c70,0x00000000ec780000)
  to   space 1536K, 0% used [0x00000000ec780000,0x00000000ec780000,0x00000000ec900000)
 ParOldGen       total 68608K, used 11860K [0x00000000c0000000, 0x00000000c4300000, 0x00000000eab00000)
  object space 68608K, 17% used [0x00000000c0000000,0x00000000c0b951a8,0x00000000c4300000)
 Metaspace       used 35116K, committed 35840K, reserved 1081344K
  class space    used 3556K, committed 3904K, reserved 1048576K
}
Event: 2.320 GC heap after
{Heap after GC invocations=11 (full 1):
 PSYoungGen      total 25088K, used 1502K [0x00000000eab00000, 0x00000000ec900000, 0x0000000100000000)
  eden space 23552K, 0% used [0x00000000eab00000,0x00000000eab00000,0x00000000ec200000)
  from space 1536K, 97% used [0x00000000ec780000,0x00000000ec8f79a0,0x00000000ec900000)
  to   space 2048K, 0% used [0x00000000ec500000,0x00000000ec500000,0x00000000ec700000)
 ParOldGen       total 68608K, used 12773K [0x00000000c0000000, 0x00000000c4300000, 0x00000000eab00000)
  object space 68608K, 18% used [0x00000000c0000000,0x00000000c0c796b8,0x00000000c4300000)
 Metaspace       used 35116K, committed 35840K, reserved 1081344K
  class space    used 3556K, committed 3904K, reserved 1048576K
}
Event: 2.320 GC heap before
{Heap before GC invocations=12 (full 2):
 PSYoungGen      total 25088K, used 1502K [0x00000000eab00000, 0x00000000ec900000, 0x0000000100000000)
  eden space 23552K, 0% used [0x00000000eab00000,0x00000000eab00000,0x00000000ec200000)
  from space 1536K, 97% used [0x00000000ec780000,0x00000000ec8f79a0,0x00000000ec900000)
  to   space 2048K, 0% used [0x00000000ec500000,0x00000000ec500000,0x00000000ec700000)
 ParOldGen       total 68608K, used 12773K [0x00000000c0000000, 0x00000000c4300000, 0x00000000eab00000)
  object space 68608K, 18% used [0x00000000c0000000,0x00000000c0c796b8,0x00000000c4300000)
 Metaspace       used 35116K, committed 35840K, reserved 1081344K
  class space    used 3556K, committed 3904K, reserved 1048576K
}
Event: 2.333 GC heap after
{Heap after GC invocations=12 (full 2):
 PSYoungGen      total 25088K, used 0K [0x00000000eab00000, 0x00000000ec900000, 0x0000000100000000)
  eden space 23552K, 0% used [0x00000000eab00000,0x00000000eab00000,0x00000000ec200000)
  from space 1536K, 0% used [0x00000000ec780000,0x00000000ec780000,0x00000000ec900000)
  to   space 2048K, 0% used [0x00000000ec500000,0x00000000ec500000,0x00000000ec700000)
 ParOldGen       total 68608K, used 13082K [0x00000000c0000000, 0x00000000c4300000, 0x00000000eab00000)
  object space 68608K, 19% used [0x00000000c0000000,0x00000000c0cc6978,0x00000000c4300000)
 Metaspace       used 35116K, committed 35840K, reserved 1081344K
  class space    used 3556K, committed 3904K, reserved 1048576K
}
Event: 2.444 GC heap before
{Heap before GC invocations=13 (full 2):
 PSYoungGen      total 25088K, used 23552K [0x00000000eab00000, 0x00000000ec900000, 0x0000000100000000)
  eden space 23552K, 100% used [0x00000000eab00000,0x00000000ec200000,0x00000000ec200000)
  from space 1536K, 0% used [0x00000000ec780000,0x00000000ec780000,0x00000000ec900000)
  to   space 2048K, 0% used [0x00000000ec500000,0x00000000ec500000,0x00000000ec700000)
 ParOldGen       total 68608K, used 13082K [0x00000000c0000000, 0x00000000c4300000, 0x00000000eab00000)
  object space 68608K, 19% used [0x00000000c0000000,0x00000000c0cc6978,0x00000000c4300000)
 Metaspace       used 35277K, committed 36032K, reserved 1081344K
  class space    used 3561K, committed 3904K, reserved 1048576K
}
Event: 2.446 GC heap after
{Heap after GC invocations=13 (full 2):
 PSYoungGen      total 24064K, used 913K [0x00000000eab00000, 0x00000000ec800000, 0x0000000100000000)
  eden space 23040K, 0% used [0x00000000eab00000,0x00000000eab00000,0x00000000ec180000)
  from space 1024K, 89% used [0x00000000ec500000,0x00000000ec5e45a0,0x00000000ec600000)
  to   space 1536K, 0% used [0x00000000ec680000,0x00000000ec680000,0x00000000ec800000)
 ParOldGen       total 68608K, used 13090K [0x00000000c0000000, 0x00000000c4300000, 0x00000000eab00000)
  object space 68608K, 19% used [0x00000000c0000000,0x00000000c0cc8978,0x00000000c4300000)
 Metaspace       used 35277K, committed 36032K, reserved 1081344K
  class space    used 3561K, committed 3904K, reserved 1048576K
}
Event: 2.499 GC heap before
{Heap before GC invocations=14 (full 2):
 PSYoungGen      total 24064K, used 23953K [0x00000000eab00000, 0x00000000ec800000, 0x0000000100000000)
  eden space 23040K, 100% used [0x00000000eab00000,0x00000000ec180000,0x00000000ec180000)
  from space 1024K, 89% used [0x00000000ec500000,0x00000000ec5e45a0,0x00000000ec600000)
  to   space 1536K, 0% used [0x00000000ec680000,0x00000000ec680000,0x00000000ec800000)
 ParOldGen       total 68608K, used 13090K [0x00000000c0000000, 0x00000000c4300000, 0x00000000eab00000)
  object space 68608K, 19% used [0x00000000c0000000,0x00000000c0cc8978,0x00000000c4300000)
 Metaspace       used 35334K, committed 36032K, reserved 1081344K
  class space    used 3569K, committed 3904K, reserved 1048576K
}
Event: 2.500 GC heap after
{Heap after GC invocations=14 (full 2):
 PSYoungGen      total 24064K, used 1536K [0x00000000eab00000, 0x00000000ec800000, 0x0000000100000000)
  eden space 22528K, 0% used [0x00000000eab00000,0x00000000eab00000,0x00000000ec100000)
  from space 1536K, 100% used [0x00000000ec680000,0x00000000ec800000,0x00000000ec800000)
  to   space 3072K, 0% used [0x00000000ec200000,0x00000000ec200000,0x00000000ec500000)
 ParOldGen       total 68608K, used 14004K [0x00000000c0000000, 0x00000000c4300000, 0x00000000eab00000)
  object space 68608K, 20% used [0x00000000c0000000,0x00000000c0dad078,0x00000000c4300000)
 Metaspace       used 35334K, committed 36032K, reserved 1081344K
  class space    used 3569K, committed 3904K, reserved 1048576K
}
Event: 2.526 GC heap before
{Heap before GC invocations=15 (full 2):
 PSYoungGen      total 24064K, used 24064K [0x00000000eab00000, 0x00000000ec800000, 0x0000000100000000)
  eden space 22528K, 100% used [0x00000000eab00000,0x00000000ec100000,0x00000000ec100000)
  from space 1536K, 100% used [0x00000000ec680000,0x00000000ec800000,0x00000000ec800000)
  to   space 3072K, 0% used [0x00000000ec200000,0x00000000ec200000,0x00000000ec500000)
 ParOldGen       total 68608K, used 14004K [0x00000000c0000000, 0x00000000c4300000, 0x00000000eab00000)
  object space 68608K, 20% used [0x00000000c0000000,0x00000000c0dad078,0x00000000c4300000)
 Metaspace       used 35343K, committed 36032K, reserved 1081344K
  class space    used 3569K, committed 3904K, reserved 1048576K
}
Event: 2.528 GC heap after
{Heap after GC invocations=15 (full 2):
 PSYoungGen      total 25088K, used 3051K [0x00000000eab00000, 0x00000000ecf80000, 0x0000000100000000)
  eden space 22016K, 0% used [0x00000000eab00000,0x00000000eab00000,0x00000000ec080000)
  from space 3072K, 99% used [0x00000000ec200000,0x00000000ec4fafa0,0x00000000ec500000)
  to   space 7680K, 0% used [0x00000000ec800000,0x00000000ec800000,0x00000000ecf80000)
 ParOldGen       total 68608K, used 17569K [0x00000000c0000000, 0x00000000c4300000, 0x00000000eab00000)
  object space 68608K, 25% used [0x00000000c0000000,0x00000000c1128450,0x00000000c4300000)
 Metaspace       used 35343K, committed 36032K, reserved 1081344K
  class space    used 3569K, committed 3904K, reserved 1048576K
}
Event: 2.547 GC heap before
{Heap before GC invocations=16 (full 2):
 PSYoungGen      total 25088K, used 25067K [0x00000000eab00000, 0x00000000ecf80000, 0x0000000100000000)
  eden space 22016K, 100% used [0x00000000eab00000,0x00000000ec080000,0x00000000ec080000)
  from space 3072K, 99% used [0x00000000ec200000,0x00000000ec4fafa0,0x00000000ec500000)
  to   space 7680K, 0% used [0x00000000ec800000,0x00000000ec800000,0x00000000ecf80000)
 ParOldGen       total 68608K, used 17569K [0x00000000c0000000, 0x00000000c4300000, 0x00000000eab00000)
  object space 68608K, 25% used [0x00000000c0000000,0x00000000c1128450,0x00000000c4300000)
 Metaspace       used 35346K, committed 36032K, reserved 1081344K
  class space    used 3569K, committed 3904K, reserved 1048576K
}
Event: 2.550 GC heap after
{Heap after GC invocations=16 (full 2):
 PSYoungGen      total 29184K, used 7648K [0x00000000eab00000, 0x00000000ed080000, 0x0000000100000000)
  eden space 21504K, 0% used [0x00000000eab00000,0x00000000eab00000,0x00000000ec000000)
  from space 7680K, 99% used [0x00000000ec800000,0x00000000ecf78000,0x00000000ecf80000)
  to   space 8192K, 0% used [0x00000000ec000000,0x00000000ec000000,0x00000000ec800000)
 ParOldGen       total 68608K, used 20589K [0x00000000c0000000, 0x00000000c4300000, 0x00000000eab00000)
  object space 68608K, 30% used [0x00000000c0000000,0x00000000c141b6b8,0x00000000c4300000)
 Metaspace       used 35346K, committed 36032K, reserved 1081344K
  class space    used 3569K, committed 3904K, reserved 1048576K
}

