# JRE version: OpenJDK Runtime Environment Temurin-17.0.5+8 (17.0.5+8) (build 17.0.5+8)
# Java VM: OpenJDK 64-Bit Server VM Temurin-17.0.5+8 (17.0.5+8, mixed mode, tiered, compressed oops, compressed class ptrs, parallel gc, windows-amd64)
GC Precious Log:
 CPUs: 16 total, 16 available
 Memory: 32691M
 Large Page Support: Disabled
 NUMA Support: Disabled
 Compressed Oops: Enabled (32-bit)
 Alignments: Space 512K, Generation 512K, Heap 2M
 Heap Min Capacity: 100M
 Heap Initial Capacity: 100M
 Heap Max Capacity: 1G
 Pre-touch: Disabled
 Parallel Workers: 13
Heap:
 PSYoungGen      total 23552K, used 23296K [0x00000000eab00000, 0x00000000ec680000, 0x0000000100000000)
  eden space 18944K, 100% used [0x00000000eab00000,0x00000000ebd80000,0x00000000ebd80000)
  from space 4608K, 94% used [0x00000000ebe00000,0x00000000ec240318,0x00000000ec280000)
  to   space 4096K, 0% used [0x00000000ec280000,0x00000000ec280000,0x00000000ec680000)
 ParOldGen       total 68608K, used 58836K [0x00000000c0000000, 0x00000000c4300000, 0x00000000eab00000)
  object space 68608K, 85% used [0x00000000c0000000,0x00000000c39750b0,0x00000000c4300000)
 Metaspace       used 55638K, committed 56576K, reserved 1105920K
  class space    used 6006K, committed 6400K, reserved 1048576K
GC Heap History (20 events):
Event: 3.984 GC heap before
{Heap before GC invocations=24 (full 2):
 PSYoungGen      total 24064K, used 24040K [0x00000000eab00000, 0x00000000ec980000, 0x0000000100000000)
  eden space 22016K, 100% used [0x00000000eab00000,0x00000000ec080000,0x00000000ec080000)
  from space 2048K, 98% used [0x00000000ec080000,0x00000000ec27a150,0x00000000ec280000)
  to   space 4608K, 0% used [0x00000000ec500000,0x00000000ec500000,0x00000000ec980000)
 ParOldGen       total 68608K, used 28503K [0x00000000c0000000, 0x00000000c4300000, 0x00000000eab00000)
  object space 68608K, 41% used [0x00000000c0000000,0x00000000c1bd5e80,0x00000000c4300000)
 Metaspace       used 51447K, committed 52288K, reserved 1097728K
  class space    used 5589K, committed 5952K, reserved 1048576K
}
Event: 3.986 GC heap after
{Heap after GC invocations=24 (full 2):
 PSYoungGen      total 25088K, used 2688K [0x00000000eab00000, 0x00000000ec800000, 0x0000000100000000)
  eden space 22016K, 0% used [0x00000000eab00000,0x00000000eab00000,0x00000000ec080000)
  from space 3072K, 87% used [0x00000000ec500000,0x00000000ec7a0020,0x00000000ec800000)
  to   space 3584K, 0% used [0x00000000ec100000,0x00000000ec100000,0x00000000ec480000)
 ParOldGen       total 68608K, used 30466K [0x00000000c0000000, 0x00000000c4300000, 0x00000000eab00000)
  object space 68608K, 44% used [0x00000000c0000000,0x00000000c1dc0958,0x00000000c4300000)
 Metaspace       used 51447K, committed 52288K, reserved 1097728K
  class space    used 5589K, committed 5952K, reserved 1048576K
}
Event: 4.029 GC heap before
{Heap before GC invocations=25 (full 2):
 PSYoungGen      total 25088K, used 24704K [0x00000000eab00000, 0x00000000ec800000, 0x0000000100000000)
  eden space 22016K, 100% used [0x00000000eab00000,0x00000000ec080000,0x00000000ec080000)
  from space 3072K, 87% used [0x00000000ec500000,0x00000000ec7a0020,0x00000000ec800000)
  to   space 3584K, 0% used [0x00000000ec100000,0x00000000ec100000,0x00000000ec480000)
 ParOldGen       total 68608K, used 30466K [0x00000000c0000000, 0x00000000c4300000, 0x00000000eab00000)
  object space 68608K, 44% used [0x00000000c0000000,0x00000000c1dc0958,0x00000000c4300000)
 Metaspace       used 51610K, committed 52480K, reserved 1097728K
  class space    used 5613K, committed 6016K, reserved 1048576K
}
Event: 4.031 GC heap after
{Heap after GC invocations=25 (full 2):
 PSYoungGen      total 24576K, used 2432K [0x00000000eab00000, 0x00000000ec680000, 0x0000000100000000)
  eden space 22016K, 0% used [0x00000000eab00000,0x00000000eab00000,0x00000000ec080000)
  from space 2560K, 95% used [0x00000000ec100000,0x00000000ec360000,0x00000000ec380000)
  to   space 3072K, 0% used [0x00000000ec380000,0x00000000ec380000,0x00000000ec680000)
 ParOldGen       total 68608K, used 33006K [0x00000000c0000000, 0x00000000c4300000, 0x00000000eab00000)
  object space 68608K, 48% used [0x00000000c0000000,0x00000000c203b878,0x00000000c4300000)
 Metaspace       used 51610K, committed 52480K, reserved 1097728K
  class space    used 5613K, committed 6016K, reserved 1048576K
}
Event: 4.057 GC heap before
{Heap before GC invocations=26 (full 2):
 PSYoungGen      total 24576K, used 24448K [0x00000000eab00000, 0x00000000ec680000, 0x0000000100000000)
  eden space 22016K, 100% used [0x00000000eab00000,0x00000000ec080000,0x00000000ec080000)
  from space 2560K, 95% used [0x00000000ec100000,0x00000000ec360000,0x00000000ec380000)
  to   space 3072K, 0% used [0x00000000ec380000,0x00000000ec380000,0x00000000ec680000)
 ParOldGen       total 68608K, used 33006K [0x00000000c0000000, 0x00000000c4300000, 0x00000000eab00000)
  object space 68608K, 48% used [0x00000000c0000000,0x00000000c203b878,0x00000000c4300000)
 Metaspace       used 51750K, committed 52608K, reserved 1097728K
  class space    used 5631K, committed 6016K, reserved 1048576K
}
Event: 4.059 GC heap after
{Heap after GC invocations=26 (full 2):
 PSYoungGen      total 25088K, used 2656K [0x00000000eab00000, 0x00000000ec680000, 0x0000000100000000)
  eden space 22016K, 0% used [0x00000000eab00000,0x00000000eab00000,0x00000000ec080000)
  from space 3072K, 86% used [0x00000000ec380000,0x00000000ec618010,0x00000000ec680000)
  to   space 3072K, 0% used [0x00000000ec080000,0x00000000ec080000,0x00000000ec380000)
 ParOldGen       total 68608K, used 35318K [0x00000000c0000000, 0x00000000c4300000, 0x00000000eab00000)
  object space 68608K, 51% used [0x00000000c0000000,0x00000000c227d878,0x00000000c4300000)
 Metaspace       used 51750K, committed 52608K, reserved 1097728K
  class space    used 5631K, committed 6016K, reserved 1048576K
}
Event: 4.188 GC heap before
{Heap before GC invocations=27 (full 2):
 PSYoungGen      total 25088K, used 24672K [0x00000000eab00000, 0x00000000ec680000, 0x0000000100000000)
  eden space 22016K, 100% used [0x00000000eab00000,0x00000000ec080000,0x00000000ec080000)
  from space 3072K, 86% used [0x00000000ec380000,0x00000000ec618010,0x00000000ec680000)
  to   space 3072K, 0% used [0x00000000ec080000,0x00000000ec080000,0x00000000ec380000)
 ParOldGen       total 68608K, used 35318K [0x00000000c0000000, 0x00000000c4300000, 0x00000000eab00000)
  object space 68608K, 51% used [0x00000000c0000000,0x00000000c227d878,0x00000000c4300000)
 Metaspace       used 52098K, committed 52992K, reserved 1097728K
  class space    used 5655K, committed 6016K, reserved 1048576K
}
Event: 4.190 GC heap after
{Heap after GC invocations=27 (full 2):
 PSYoungGen      total 25088K, used 3035K [0x00000000eab00000, 0x00000000ec780000, 0x0000000100000000)
  eden space 22016K, 0% used [0x00000000eab00000,0x00000000eab00000,0x00000000ec080000)
  from space 3072K, 98% used [0x00000000ec080000,0x00000000ec376d10,0x00000000ec380000)
  to   space 3584K, 0% used [0x00000000ec400000,0x00000000ec400000,0x00000000ec780000)
 ParOldGen       total 68608K, used 37790K [0x00000000c0000000, 0x00000000c4300000, 0x00000000eab00000)
  object space 68608K, 55% used [0x00000000c0000000,0x00000000c24e7888,0x00000000c4300000)
 Metaspace       used 52098K, committed 52992K, reserved 1097728K
  class space    used 5655K, committed 6016K, reserved 1048576K
}
Event: 5.077 GC heap before
{Heap before GC invocations=28 (full 2):
 PSYoungGen      total 25088K, used 25051K [0x00000000eab00000, 0x00000000ec780000, 0x0000000100000000)
  eden space 22016K, 100% used [0x00000000eab00000,0x00000000ec080000,0x00000000ec080000)
  from space 3072K, 98% used [0x00000000ec080000,0x00000000ec376d10,0x00000000ec380000)
  to   space 3584K, 0% used [0x00000000ec400000,0x00000000ec400000,0x00000000ec780000)
 ParOldGen       total 68608K, used 37790K [0x00000000c0000000, 0x00000000c4300000, 0x00000000eab00000)
  object space 68608K, 55% used [0x00000000c0000000,0x00000000c24e7888,0x00000000c4300000)
 Metaspace       used 54087K, committed 54912K, reserved 1105920K
  class space    used 5854K, committed 6208K, reserved 1048576K
}
Event: 5.079 GC heap after
{Heap after GC invocations=28 (full 2):
 PSYoungGen      total 23552K, used 1408K [0x00000000eab00000, 0x00000000ec580000, 0x0000000100000000)
  eden space 22016K, 0% used [0x00000000eab00000,0x00000000eab00000,0x00000000ec080000)
  from space 1536K, 91% used [0x00000000ec400000,0x00000000ec560000,0x00000000ec580000)
  to   space 2048K, 0% used [0x00000000ec180000,0x00000000ec180000,0x00000000ec380000)
 ParOldGen       total 68608K, used 40536K [0x00000000c0000000, 0x00000000c4300000, 0x00000000eab00000)
  object space 68608K, 59% used [0x00000000c0000000,0x00000000c27960e8,0x00000000c4300000)
 Metaspace       used 54087K, committed 54912K, reserved 1105920K
  class space    used 5854K, committed 6208K, reserved 1048576K
}
Event: 5.680 GC heap before
{Heap before GC invocations=29 (full 2):
 PSYoungGen      total 23552K, used 23424K [0x00000000eab00000, 0x00000000ec580000, 0x0000000100000000)
  eden space 22016K, 100% used [0x00000000eab00000,0x00000000ec080000,0x00000000ec080000)
  from space 1536K, 91% used [0x00000000ec400000,0x00000000ec560000,0x00000000ec580000)
  to   space 2048K, 0% used [0x00000000ec180000,0x00000000ec180000,0x00000000ec380000)
 ParOldGen       total 68608K, used 40536K [0x00000000c0000000, 0x00000000c4300000, 0x00000000eab00000)
  object space 68608K, 59% used [0x00000000c0000000,0x00000000c27960e8,0x00000000c4300000)
 Metaspace       used 55474K, committed 56384K, reserved 1105920K
  class space    used 6000K, committed 6400K, reserved 1048576K
}
Event: 5.682 GC heap after
{Heap after GC invocations=29 (full 2):
 PSYoungGen      total 24064K, used 2028K [0x00000000eab00000, 0x00000000eca80000, 0x0000000100000000)
  eden space 22016K, 0% used [0x00000000eab00000,0x00000000eab00000,0x00000000ec080000)
  from space 2048K, 99% used [0x00000000ec180000,0x00000000ec37b278,0x00000000ec380000)
  to   space 5120K, 0% used [0x00000000ec580000,0x00000000ec580000,0x00000000eca80000)
 ParOldGen       total 68608K, used 42796K [0x00000000c0000000, 0x00000000c4300000, 0x00000000eab00000)
  object space 68608K, 62% used [0x00000000c0000000,0x00000000c29cb0d0,0x00000000c4300000)
 Metaspace       used 55474K, committed 56384K, reserved 1105920K
  class space    used 6000K, committed 6400K, reserved 1048576K
}
Event: 5.774 GC heap before
{Heap before GC invocations=30 (full 2):
 PSYoungGen      total 24064K, used 24044K [0x00000000eab00000, 0x00000000eca80000, 0x0000000100000000)
  eden space 22016K, 100% used [0x00000000eab00000,0x00000000ec080000,0x00000000ec080000)
  from space 2048K, 99% used [0x00000000ec180000,0x00000000ec37b278,0x00000000ec380000)
  to   space 5120K, 0% used [0x00000000ec580000,0x00000000ec580000,0x00000000eca80000)
 ParOldGen       total 68608K, used 42796K [0x00000000c0000000, 0x00000000c4300000, 0x00000000eab00000)
  object space 68608K, 62% used [0x00000000c0000000,0x00000000c29cb0d0,0x00000000c4300000)
 Metaspace       used 55573K, committed 56512K, reserved 1105920K
  class space    used 6006K, committed 6400K, reserved 1048576K
}
Event: 5.777 GC heap after
{Heap after GC invocations=30 (full 2):
 PSYoungGen      total 24064K, used 5103K [0x00000000eab00000, 0x00000000ed080000, 0x0000000100000000)
  eden space 18944K, 0% used [0x00000000eab00000,0x00000000eab00000,0x00000000ebd80000)
  from space 5120K, 99% used [0x00000000ec580000,0x00000000eca7bfe0,0x00000000eca80000)
  to   space 8192K, 0% used [0x00000000ebd80000,0x00000000ebd80000,0x00000000ec580000)
 ParOldGen       total 68608K, used 44793K [0x00000000c0000000, 0x00000000c4300000, 0x00000000eab00000)
  object space 68608K, 65% used [0x00000000c0000000,0x00000000c2bbe488,0x00000000c4300000)
 Metaspace       used 55573K, committed 56512K, reserved 1105920K
  class space    used 6006K, committed 6400K, reserved 1048576K
}
Event: 5.829 GC heap before
{Heap before GC invocations=31 (full 2):
 PSYoungGen      total 24064K, used 24047K [0x00000000eab00000, 0x00000000ed080000, 0x0000000100000000)
  eden space 18944K, 100% used [0x00000000eab00000,0x00000000ebd80000,0x00000000ebd80000)
  from space 5120K, 99% used [0x00000000ec580000,0x00000000eca7bfe0,0x00000000eca80000)
  to   space 8192K, 0% used [0x00000000ebd80000,0x00000000ebd80000,0x00000000ec580000)
 ParOldGen       total 68608K, used 44793K [0x00000000c0000000, 0x00000000c4300000, 0x00000000eab00000)
  object space 68608K, 65% used [0x00000000c0000000,0x00000000c2bbe488,0x00000000c4300000)
 Metaspace       used 55574K, committed 56512K, reserved 1105920K
  class space    used 6006K, committed 6400K, reserved 1048576K
}
Event: 5.831 GC heap after
{Heap after GC invocations=31 (full 2):
 PSYoungGen      total 24064K, used 4932K [0x00000000eab00000, 0x00000000ec980000, 0x0000000100000000)
  eden space 18944K, 0% used [0x00000000eab00000,0x00000000eab00000,0x00000000ebd80000)
  from space 5120K, 96% used [0x00000000ebd80000,0x00000000ec2511a0,0x00000000ec280000)
  to   space 6144K, 0% used [0x00000000ec380000,0x00000000ec380000,0x00000000ec980000)
 ParOldGen       total 68608K, used 49706K [0x00000000c0000000, 0x00000000c4300000, 0x00000000eab00000)
  object space 68608K, 72% used [0x00000000c0000000,0x00000000c308aac8,0x00000000c4300000)
 Metaspace       used 55574K, committed 56512K, reserved 1105920K
  class space    used 6006K, committed 6400K, reserved 1048576K
}
Event: 5.892 GC heap before
{Heap before GC invocations=32 (full 2):
 PSYoungGen      total 24064K, used 23876K [0x00000000eab00000, 0x00000000ec980000, 0x0000000100000000)
  eden space 18944K, 100% used [0x00000000eab00000,0x00000000ebd80000,0x00000000ebd80000)
  from space 5120K, 96% used [0x00000000ebd80000,0x00000000ec2511a0,0x00000000ec280000)
  to   space 6144K, 0% used [0x00000000ec380000,0x00000000ec380000,0x00000000ec980000)
 ParOldGen       total 68608K, used 49706K [0x00000000c0000000, 0x00000000c4300000, 0x00000000eab00000)
  object space 68608K, 72% used [0x00000000c0000000,0x00000000c308aac8,0x00000000c4300000)
 Metaspace       used 55610K, committed 56576K, reserved 1105920K
  class space    used 6006K, committed 6400K, reserved 1048576K
}
Event: 5.895 GC heap after
{Heap after GC invocations=32 (full 2):
 PSYoungGen      total 23552K, used 4558K [0x00000000eab00000, 0x00000000ec800000, 0x0000000100000000)
  eden space 18944K, 0% used [0x00000000eab00000,0x00000000eab00000,0x00000000ebd80000)
  from space 4608K, 98% used [0x00000000ec380000,0x00000000ec7f3a38,0x00000000ec800000)
  to   space 5120K, 0% used [0x00000000ebe00000,0x00000000ebe00000,0x00000000ec300000)
 ParOldGen       total 68608K, used 54364K [0x00000000c0000000, 0x00000000c4300000, 0x00000000eab00000)
  object space 68608K, 79% used [0x00000000c0000000,0x00000000c3517368,0x00000000c4300000)
 Metaspace       used 55610K, committed 56576K, reserved 1105920K
  class space    used 6006K, committed 6400K, reserved 1048576K
}
Event: 5.947 GC heap before
{Heap before GC invocations=33 (full 2):
 PSYoungGen      total 23552K, used 23502K [0x00000000eab00000, 0x00000000ec800000, 0x0000000100000000)
  eden space 18944K, 100% used [0x00000000eab00000,0x00000000ebd80000,0x00000000ebd80000)
  from space 4608K, 98% used [0x00000000ec380000,0x00000000ec7f3a38,0x00000000ec800000)
  to   space 5120K, 0% used [0x00000000ebe00000,0x00000000ebe00000,0x00000000ec300000)
 ParOldGen       total 68608K, used 54364K [0x00000000c0000000, 0x00000000c4300000, 0x00000000eab00000)
  object space 68608K, 79% used [0x00000000c0000000,0x00000000c3517368,0x00000000c4300000)
 Metaspace       used 55611K, committed 56576K, reserved 1105920K
  class space    used 6006K, committed 6400K, reserved 1048576K
}
Event: 5.950 GC heap after
{Heap after GC invocations=33 (full 2):
 PSYoungGen      total 23552K, used 4352K [0x00000000eab00000, 0x00000000ec680000, 0x0000000100000000)
  eden space 18944K, 0% used [0x00000000eab00000,0x00000000eab00000,0x00000000ebd80000)
  from space 4608K, 94% used [0x00000000ebe00000,0x00000000ec240318,0x00000000ec280000)
  to   space 4096K, 0% used [0x00000000ec280000,0x00000000ec280000,0x00000000ec680000)
 ParOldGen       total 68608K, used 58836K [0x00000000c0000000, 0x00000000c4300000, 0x00000000eab00000)
  object space 68608K, 85% used [0x00000000c0000000,0x00000000c39750b0,0x00000000c4300000)
 Metaspace       used 55611K, committed 56576K, reserved 1105920K
  class space    used 6006K, committed 6400K, reserved 1048576K
}

