# JRE version: OpenJDK Runtime Environment Temurin-17.0.5+8 (17.0.5+8) (build 17.0.5+8)
# Java VM: OpenJDK 64-Bit Server VM Temurin-17.0.5+8 (17.0.5+8, mixed mode, emulated-client, tiered, compressed oops, compressed class ptrs, g1 gc, windows-amd64)
GC Precious Log:
 CPUs: 16 total, 16 available
 Memory: 32691M
 Large Page Support: Disabled
 NUMA Support: Disabled
 Compressed Oops: Enabled (32-bit)
 Heap Region Size: 1M
 Heap Min Capacity: 8M
 Heap Initial Capacity: 512M
 Heap Max Capacity: 1G
 Pre-touch: Disabled
 Parallel Workers: 13
 Concurrent Workers: 3
 Concurrent Refinement Workers: 13
 Periodic GC: Disabled
Heap:
 garbage-first heap   total 130048K, used 38427K [0x00000000c0000000, 0x0000000100000000)
  region size 1024K, 1 young (1024K), 0 survivors (0K)
 Metaspace       used 64437K, committed 65280K, reserved 1105920K
  class space    used 8999K, committed 9344K, reserved 1048576K
GC Heap History (20 events):
Event: 836.818 GC heap before
{Heap before GC invocations=90 (full 50):
 garbage-first heap   total 130048K, used 38417K [0x00000000c0000000, 0x0000000100000000)
  region size 1024K, 1 young (1024K), 0 survivors (0K)
 Metaspace       used 64426K, committed 65280K, reserved 1105920K
  class space    used 8998K, committed 9344K, reserved 1048576K
}
Event: 836.859 GC heap after
{Heap after GC invocations=91 (full 51):
 garbage-first heap   total 130048K, used 38417K [0x00000000c0000000, 0x0000000100000000)
  region size 1024K, 0 young (0K), 0 survivors (0K)
 Metaspace       used 64426K, committed 65280K, reserved 1105920K
  class space    used 8998K, committed 9344K, reserved 1048576K
}
Event: 846.989 GC heap before
{Heap before GC invocations=91 (full 51):
 garbage-first heap   total 130048K, used 38417K [0x00000000c0000000, 0x0000000100000000)
  region size 1024K, 1 young (1024K), 0 survivors (0K)
 Metaspace       used 64426K, committed 65280K, reserved 1105920K
  class space    used 8998K, committed 9344K, reserved 1048576K
}
Event: 847.028 GC heap after
{Heap after GC invocations=92 (full 52):
 garbage-first heap   total 130048K, used 38417K [0x00000000c0000000, 0x0000000100000000)
  region size 1024K, 0 young (0K), 0 survivors (0K)
 Metaspace       used 64426K, committed 65280K, reserved 1105920K
  class space    used 8998K, committed 9344K, reserved 1048576K
}
Event: 857.130 GC heap before
{Heap before GC invocations=92 (full 52):
 garbage-first heap   total 130048K, used 38417K [0x00000000c0000000, 0x0000000100000000)
  region size 1024K, 1 young (1024K), 0 survivors (0K)
 Metaspace       used 64426K, committed 65280K, reserved 1105920K
  class space    used 8998K, committed 9344K, reserved 1048576K
}
Event: 857.155 GC heap after
{Heap after GC invocations=93 (full 53):
 garbage-first heap   total 130048K, used 38414K [0x00000000c0000000, 0x0000000100000000)
  region size 1024K, 0 young (0K), 0 survivors (0K)
 Metaspace       used 64426K, committed 65280K, reserved 1105920K
  class space    used 8998K, committed 9344K, reserved 1048576K
}
Event: 867.284 GC heap before
{Heap before GC invocations=93 (full 53):
 garbage-first heap   total 130048K, used 38414K [0x00000000c0000000, 0x0000000100000000)
  region size 1024K, 1 young (1024K), 0 survivors (0K)
 Metaspace       used 64426K, committed 65280K, reserved 1105920K
  class space    used 8998K, committed 9344K, reserved 1048576K
}
Event: 867.314 GC heap after
{Heap after GC invocations=94 (full 54):
 garbage-first heap   total 130048K, used 38414K [0x00000000c0000000, 0x0000000100000000)
  region size 1024K, 0 young (0K), 0 survivors (0K)
 Metaspace       used 64426K, committed 65280K, reserved 1105920K
  class space    used 8998K, committed 9344K, reserved 1048576K
}
Event: 877.449 GC heap before
{Heap before GC invocations=94 (full 54):
 garbage-first heap   total 130048K, used 38414K [0x00000000c0000000, 0x0000000100000000)
  region size 1024K, 1 young (1024K), 0 survivors (0K)
 Metaspace       used 64426K, committed 65280K, reserved 1105920K
  class space    used 8998K, committed 9344K, reserved 1048576K
}
Event: 877.487 GC heap after
{Heap after GC invocations=95 (full 55):
 garbage-first heap   total 130048K, used 38414K [0x00000000c0000000, 0x0000000100000000)
  region size 1024K, 0 young (0K), 0 survivors (0K)
 Metaspace       used 64426K, committed 65280K, reserved 1105920K
  class space    used 8998K, committed 9344K, reserved 1048576K
}
Event: 917.672 GC heap before
{Heap before GC invocations=95 (full 55):
 garbage-first heap   total 130048K, used 38414K [0x00000000c0000000, 0x0000000100000000)
  region size 1024K, 1 young (1024K), 0 survivors (0K)
 Metaspace       used 64437K, committed 65280K, reserved 1105920K
  class space    used 8999K, committed 9344K, reserved 1048576K
}
Event: 917.709 GC heap after
{Heap after GC invocations=96 (full 56):
 garbage-first heap   total 130048K, used 38428K [0x00000000c0000000, 0x0000000100000000)
  region size 1024K, 0 young (0K), 0 survivors (0K)
 Metaspace       used 64437K, committed 65280K, reserved 1105920K
  class space    used 8999K, committed 9344K, reserved 1048576K
}
Event: 927.847 GC heap before
{Heap before GC invocations=96 (full 56):
 garbage-first heap   total 130048K, used 38428K [0x00000000c0000000, 0x0000000100000000)
  region size 1024K, 1 young (1024K), 0 survivors (0K)
 Metaspace       used 64437K, committed 65280K, reserved 1105920K
  class space    used 8999K, committed 9344K, reserved 1048576K
}
Event: 927.876 GC heap after
{Heap after GC invocations=97 (full 57):
 garbage-first heap   total 130048K, used 38428K [0x00000000c0000000, 0x0000000100000000)
  region size 1024K, 0 young (0K), 0 survivors (0K)
 Metaspace       used 64437K, committed 65280K, reserved 1105920K
  class space    used 8999K, committed 9344K, reserved 1048576K
}
Event: 938.018 GC heap before
{Heap before GC invocations=97 (full 57):
 garbage-first heap   total 130048K, used 38428K [0x00000000c0000000, 0x0000000100000000)
  region size 1024K, 1 young (1024K), 0 survivors (0K)
 Metaspace       used 64437K, committed 65280K, reserved 1105920K
  class space    used 8999K, committed 9344K, reserved 1048576K
}
Event: 938.053 GC heap after
{Heap after GC invocations=98 (full 58):
 garbage-first heap   total 130048K, used 38428K [0x00000000c0000000, 0x0000000100000000)
  region size 1024K, 0 young (0K), 0 survivors (0K)
 Metaspace       used 64437K, committed 65280K, reserved 1105920K
  class space    used 8999K, committed 9344K, reserved 1048576K
}
Event: 948.200 GC heap before
{Heap before GC invocations=98 (full 58):
 garbage-first heap   total 130048K, used 38428K [0x00000000c0000000, 0x0000000100000000)
  region size 1024K, 1 young (1024K), 0 survivors (0K)
 Metaspace       used 64437K, committed 65280K, reserved 1105920K
  class space    used 8999K, committed 9344K, reserved 1048576K
}
Event: 948.228 GC heap after
{Heap after GC invocations=99 (full 59):
 garbage-first heap   total 130048K, used 38427K [0x00000000c0000000, 0x0000000100000000)
  region size 1024K, 0 young (0K), 0 survivors (0K)
 Metaspace       used 64437K, committed 65280K, reserved 1105920K
  class space    used 8999K, committed 9344K, reserved 1048576K
}
Event: 958.349 GC heap before
{Heap before GC invocations=99 (full 59):
 garbage-first heap   total 130048K, used 38427K [0x00000000c0000000, 0x0000000100000000)
  region size 1024K, 1 young (1024K), 0 survivors (0K)
 Metaspace       used 64437K, committed 65280K, reserved 1105920K
  class space    used 8999K, committed 9344K, reserved 1048576K
}
Event: 958.383 GC heap after
{Heap after GC invocations=100 (full 60):
 garbage-first heap   total 130048K, used 38427K [0x00000000c0000000, 0x0000000100000000)
  region size 1024K, 0 young (0K), 0 survivors (0K)
 Metaspace       used 64437K, committed 65280K, reserved 1105920K
  class space    used 8999K, committed 9344K, reserved 1048576K
}

