# JRE version: OpenJDK Runtime Environment Temurin-17.0.5+8 (17.0.5+8) (build 17.0.5+8)
# Java VM: OpenJDK 64-Bit Server VM Temurin-17.0.5+8 (17.0.5+8, mixed mode, tiered, compressed oops, compressed class ptrs, parallel gc, windows-amd64)
GC Precious Log:
 CPUs: 16 total, 16 available
 Memory: 32691M
 Large Page Support: Disabled
 NUMA Support: Disabled
 Compressed Oops: Enabled (32-bit)
 Alignments: Space 512K, Generation 512K, Heap 2M
 Heap Min Capacity: 100M
 Heap Initial Capacity: 100M
 Heap Max Capacity: 1G
 Pre-touch: Disabled
 Parallel Workers: 13
Heap:
 PSYoungGen      total 22016K, used 13647K [0x00000000eab00000, 0x00000000ec780000, 0x0000000100000000)
  eden space 20480K, 59% used [0x00000000eab00000,0x00000000eb6dbe28,0x00000000ebf00000)
  from space 1536K, 97% used [0x00000000ebf00000,0x00000000ec078000,0x00000000ec080000)
  to   space 3584K, 0% used [0x00000000ec400000,0x00000000ec400000,0x00000000ec780000)
 ParOldGen       total 68608K, used 27255K [0x00000000c0000000, 0x00000000c4300000, 0x00000000eab00000)
  object space 68608K, 39% used [0x00000000c0000000,0x00000000c1a9dff8,0x00000000c4300000)
 Metaspace       used 45633K, committed 46400K, reserved 1097728K
  class space    used 4874K, committed 5184K, reserved 1048576K
GC Heap History (20 events):
Event: 5.009 GC heap before
{Heap before GC invocations=10 (full 1):
 PSYoungGen      total 26112K, used 26104K [0x00000000eab00000, 0x00000000eca80000, 0x0000000100000000)
  eden space 24064K, 100% used [0x00000000eab00000,0x00000000ec280000,0x00000000ec280000)
  from space 2048K, 99% used [0x00000000ec880000,0x00000000eca7e238,0x00000000eca80000)
  to   space 3072K, 0% used [0x00000000ec480000,0x00000000ec480000,0x00000000ec780000)
 ParOldGen       total 68608K, used 10810K [0x00000000c0000000, 0x00000000c4300000, 0x00000000eab00000)
  object space 68608K, 15% used [0x00000000c0000000,0x00000000c0a8e9e0,0x00000000c4300000)
 Metaspace       used 35051K, committed 35776K, reserved 1081344K
  class space    used 3541K, committed 3840K, reserved 1048576K
}
Event: 5.011 GC heap after
{Heap after GC invocations=10 (full 1):
 PSYoungGen      total 26112K, used 2154K [0x00000000eab00000, 0x00000000ec900000, 0x0000000100000000)
  eden space 23552K, 0% used [0x00000000eab00000,0x00000000eab00000,0x00000000ec200000)
  from space 2560K, 84% used [0x00000000ec480000,0x00000000ec69a8e8,0x00000000ec700000)
  to   space 2048K, 0% used [0x00000000ec700000,0x00000000ec700000,0x00000000ec900000)
 ParOldGen       total 68608K, used 12148K [0x00000000c0000000, 0x00000000c4300000, 0x00000000eab00000)
  object space 68608K, 17% used [0x00000000c0000000,0x00000000c0bdd3b8,0x00000000c4300000)
 Metaspace       used 35051K, committed 35776K, reserved 1081344K
  class space    used 3541K, committed 3840K, reserved 1048576K
}
Event: 5.016 GC heap before
{Heap before GC invocations=11 (full 1):
 PSYoungGen      total 26112K, used 2823K [0x00000000eab00000, 0x00000000ec900000, 0x0000000100000000)
  eden space 23552K, 2% used [0x00000000eab00000,0x00000000eaba7558,0x00000000ec200000)
  from space 2560K, 84% used [0x00000000ec480000,0x00000000ec69a8e8,0x00000000ec700000)
  to   space 2048K, 0% used [0x00000000ec700000,0x00000000ec700000,0x00000000ec900000)
 ParOldGen       total 68608K, used 12148K [0x00000000c0000000, 0x00000000c4300000, 0x00000000eab00000)
  object space 68608K, 17% used [0x00000000c0000000,0x00000000c0bdd3b8,0x00000000c4300000)
 Metaspace       used 35115K, committed 35840K, reserved 1081344K
  class space    used 3550K, committed 3840K, reserved 1048576K
}
Event: 5.017 GC heap after
{Heap after GC invocations=11 (full 1):
 PSYoungGen      total 25088K, used 1490K [0x00000000eab00000, 0x00000000ec880000, 0x0000000100000000)
  eden space 23552K, 0% used [0x00000000eab00000,0x00000000eab00000,0x00000000ec200000)
  from space 1536K, 97% used [0x00000000ec700000,0x00000000ec874a28,0x00000000ec880000)
  to   space 2048K, 0% used [0x00000000ec480000,0x00000000ec480000,0x00000000ec680000)
 ParOldGen       total 68608K, used 12939K [0x00000000c0000000, 0x00000000c4300000, 0x00000000eab00000)
  object space 68608K, 18% used [0x00000000c0000000,0x00000000c0ca2cd0,0x00000000c4300000)
 Metaspace       used 35115K, committed 35840K, reserved 1081344K
  class space    used 3550K, committed 3840K, reserved 1048576K
}
Event: 5.017 GC heap before
{Heap before GC invocations=12 (full 2):
 PSYoungGen      total 25088K, used 1490K [0x00000000eab00000, 0x00000000ec880000, 0x0000000100000000)
  eden space 23552K, 0% used [0x00000000eab00000,0x00000000eab00000,0x00000000ec200000)
  from space 1536K, 97% used [0x00000000ec700000,0x00000000ec874a28,0x00000000ec880000)
  to   space 2048K, 0% used [0x00000000ec480000,0x00000000ec480000,0x00000000ec680000)
 ParOldGen       total 68608K, used 12939K [0x00000000c0000000, 0x00000000c4300000, 0x00000000eab00000)
  object space 68608K, 18% used [0x00000000c0000000,0x00000000c0ca2cd0,0x00000000c4300000)
 Metaspace       used 35115K, committed 35840K, reserved 1081344K
  class space    used 3550K, committed 3840K, reserved 1048576K
}
Event: 5.032 GC heap after
{Heap after GC invocations=12 (full 2):
 PSYoungGen      total 25088K, used 0K [0x00000000eab00000, 0x00000000ec880000, 0x0000000100000000)
  eden space 23552K, 0% used [0x00000000eab00000,0x00000000eab00000,0x00000000ec200000)
  from space 1536K, 0% used [0x00000000ec700000,0x00000000ec700000,0x00000000ec880000)
  to   space 2048K, 0% used [0x00000000ec480000,0x00000000ec480000,0x00000000ec680000)
 ParOldGen       total 68608K, used 13067K [0x00000000c0000000, 0x00000000c4300000, 0x00000000eab00000)
  object space 68608K, 19% used [0x00000000c0000000,0x00000000c0cc2da8,0x00000000c4300000)
 Metaspace       used 35115K, committed 35840K, reserved 1081344K
  class space    used 3550K, committed 3840K, reserved 1048576K
}
Event: 5.540 GC heap before
{Heap before GC invocations=13 (full 2):
 PSYoungGen      total 25088K, used 23549K [0x00000000eab00000, 0x00000000ec880000, 0x0000000100000000)
  eden space 23552K, 99% used [0x00000000eab00000,0x00000000ec1ff778,0x00000000ec200000)
  from space 1536K, 0% used [0x00000000ec700000,0x00000000ec700000,0x00000000ec880000)
  to   space 2048K, 0% used [0x00000000ec480000,0x00000000ec480000,0x00000000ec680000)
 ParOldGen       total 68608K, used 13067K [0x00000000c0000000, 0x00000000c4300000, 0x00000000eab00000)
  object space 68608K, 19% used [0x00000000c0000000,0x00000000c0cc2da8,0x00000000c4300000)
 Metaspace       used 38009K, committed 38720K, reserved 1089536K
  class space    used 3922K, committed 4224K, reserved 1048576K
}
Event: 5.541 GC heap after
{Heap after GC invocations=13 (full 2):
 PSYoungGen      total 24576K, used 1297K [0x00000000eab00000, 0x00000000ec780000, 0x0000000100000000)
  eden space 23040K, 0% used [0x00000000eab00000,0x00000000eab00000,0x00000000ec180000)
  from space 1536K, 84% used [0x00000000ec480000,0x00000000ec5c45a0,0x00000000ec600000)
  to   space 1536K, 0% used [0x00000000ec600000,0x00000000ec600000,0x00000000ec780000)
 ParOldGen       total 68608K, used 13075K [0x00000000c0000000, 0x00000000c4300000, 0x00000000eab00000)
  object space 68608K, 19% used [0x00000000c0000000,0x00000000c0cc4da8,0x00000000c4300000)
 Metaspace       used 38009K, committed 38720K, reserved 1089536K
  class space    used 3922K, committed 4224K, reserved 1048576K
}
Event: 5.751 GC heap before
{Heap before GC invocations=14 (full 2):
 PSYoungGen      total 24576K, used 24337K [0x00000000eab00000, 0x00000000ec780000, 0x0000000100000000)
  eden space 23040K, 100% used [0x00000000eab00000,0x00000000ec180000,0x00000000ec180000)
  from space 1536K, 84% used [0x00000000ec480000,0x00000000ec5c45a0,0x00000000ec600000)
  to   space 1536K, 0% used [0x00000000ec600000,0x00000000ec600000,0x00000000ec780000)
 ParOldGen       total 68608K, used 13075K [0x00000000c0000000, 0x00000000c4300000, 0x00000000eab00000)
  object space 68608K, 19% used [0x00000000c0000000,0x00000000c0cc4da8,0x00000000c4300000)
 Metaspace       used 39781K, committed 40512K, reserved 1089536K
  class space    used 4159K, committed 4480K, reserved 1048576K
}
Event: 5.752 GC heap after
{Heap after GC invocations=14 (full 2):
 PSYoungGen      total 23552K, used 800K [0x00000000eab00000, 0x00000000ec700000, 0x0000000100000000)
  eden space 22528K, 0% used [0x00000000eab00000,0x00000000eab00000,0x00000000ec100000)
  from space 1024K, 78% used [0x00000000ec600000,0x00000000ec6c8000,0x00000000ec700000)
  to   space 1024K, 0% used [0x00000000ec500000,0x00000000ec500000,0x00000000ec600000)
 ParOldGen       total 68608K, used 14203K [0x00000000c0000000, 0x00000000c4300000, 0x00000000eab00000)
  object space 68608K, 20% used [0x00000000c0000000,0x00000000c0ddefa0,0x00000000c4300000)
 Metaspace       used 39781K, committed 40512K, reserved 1089536K
  class space    used 4159K, committed 4480K, reserved 1048576K
}
Event: 5.808 GC heap before
{Heap before GC invocations=15 (full 2):
 PSYoungGen      total 23552K, used 23328K [0x00000000eab00000, 0x00000000ec700000, 0x0000000100000000)
  eden space 22528K, 100% used [0x00000000eab00000,0x00000000ec100000,0x00000000ec100000)
  from space 1024K, 78% used [0x00000000ec600000,0x00000000ec6c8000,0x00000000ec700000)
  to   space 1024K, 0% used [0x00000000ec500000,0x00000000ec500000,0x00000000ec600000)
 ParOldGen       total 68608K, used 14203K [0x00000000c0000000, 0x00000000c4300000, 0x00000000eab00000)
  object space 68608K, 20% used [0x00000000c0000000,0x00000000c0ddefa0,0x00000000c4300000)
 Metaspace       used 40172K, committed 40896K, reserved 1089536K
  class space    used 4202K, committed 4544K, reserved 1048576K
}
Event: 5.812 GC heap after
{Heap after GC invocations=15 (full 2):
 PSYoungGen      total 23040K, used 1024K [0x00000000eab00000, 0x00000000ed080000, 0x0000000100000000)
  eden space 22016K, 0% used [0x00000000eab00000,0x00000000eab00000,0x00000000ec080000)
  from space 1024K, 100% used [0x00000000ec500000,0x00000000ec600000,0x00000000ec600000)
  to   space 8192K, 0% used [0x00000000ec880000,0x00000000ec880000,0x00000000ed080000)
 ParOldGen       total 68608K, used 19981K [0x00000000c0000000, 0x00000000c4300000, 0x00000000eab00000)
  object space 68608K, 29% used [0x00000000c0000000,0x00000000c1383768,0x00000000c4300000)
 Metaspace       used 40172K, committed 40896K, reserved 1089536K
  class space    used 4202K, committed 4544K, reserved 1048576K
}
Event: 5.851 GC heap before
{Heap before GC invocations=16 (full 2):
 PSYoungGen      total 23040K, used 23040K [0x00000000eab00000, 0x00000000ed080000, 0x0000000100000000)
  eden space 22016K, 100% used [0x00000000eab00000,0x00000000ec080000,0x00000000ec080000)
  from space 1024K, 100% used [0x00000000ec500000,0x00000000ec600000,0x00000000ec600000)
  to   space 8192K, 0% used [0x00000000ec880000,0x00000000ec880000,0x00000000ed080000)
 ParOldGen       total 68608K, used 19981K [0x00000000c0000000, 0x00000000c4300000, 0x00000000eab00000)
  object space 68608K, 29% used [0x00000000c0000000,0x00000000c1383768,0x00000000c4300000)
 Metaspace       used 40297K, committed 41024K, reserved 1089536K
  class space    used 4218K, committed 4544K, reserved 1048576K
}
Event: 5.852 GC heap after
{Heap after GC invocations=16 (full 2):
 PSYoungGen      total 26112K, used 3840K [0x00000000eab00000, 0x00000000ecc80000, 0x0000000100000000)
  eden space 22016K, 0% used [0x00000000eab00000,0x00000000eab00000,0x00000000ec080000)
  from space 4096K, 93% used [0x00000000ec880000,0x00000000ecc40000,0x00000000ecc80000)
  to   space 5120K, 0% used [0x00000000ec280000,0x00000000ec280000,0x00000000ec780000)
 ParOldGen       total 68608K, used 20485K [0x00000000c0000000, 0x00000000c4300000, 0x00000000eab00000)
  object space 68608K, 29% used [0x00000000c0000000,0x00000000c14017f8,0x00000000c4300000)
 Metaspace       used 40297K, committed 41024K, reserved 1089536K
  class space    used 4218K, committed 4544K, reserved 1048576K
}
Event: 5.924 GC heap before
{Heap before GC invocations=17 (full 2):
 PSYoungGen      total 26112K, used 25856K [0x00000000eab00000, 0x00000000ecc80000, 0x0000000100000000)
  eden space 22016K, 100% used [0x00000000eab00000,0x00000000ec080000,0x00000000ec080000)
  from space 4096K, 93% used [0x00000000ec880000,0x00000000ecc40000,0x00000000ecc80000)
  to   space 5120K, 0% used [0x00000000ec280000,0x00000000ec280000,0x00000000ec780000)
 ParOldGen       total 68608K, used 20485K [0x00000000c0000000, 0x00000000c4300000, 0x00000000eab00000)
  object space 68608K, 29% used [0x00000000c0000000,0x00000000c14017f8,0x00000000c4300000)
 Metaspace       used 40585K, committed 41344K, reserved 1089536K
  class space    used 4250K, committed 4544K, reserved 1048576K
}
Event: 5.926 GC heap after
{Heap after GC invocations=17 (full 2):
 PSYoungGen      total 23040K, used 697K [0x00000000eab00000, 0x00000000ec900000, 0x0000000100000000)
  eden space 22016K, 0% used [0x00000000eab00000,0x00000000eab00000,0x00000000ec080000)
  from space 1024K, 68% used [0x00000000ec280000,0x00000000ec32e788,0x00000000ec380000)
  to   space 2048K, 0% used [0x00000000ec700000,0x00000000ec700000,0x00000000ec900000)
 ParOldGen       total 68608K, used 21058K [0x00000000c0000000, 0x00000000c4300000, 0x00000000eab00000)
  object space 68608K, 30% used [0x00000000c0000000,0x00000000c1490b50,0x00000000c4300000)
 Metaspace       used 40585K, committed 41344K, reserved 1089536K
  class space    used 4250K, committed 4544K, reserved 1048576K
}
Event: 6.072 GC heap before
{Heap before GC invocations=18 (full 2):
 PSYoungGen      total 23040K, used 22713K [0x00000000eab00000, 0x00000000ec900000, 0x0000000100000000)
  eden space 22016K, 100% used [0x00000000eab00000,0x00000000ec080000,0x00000000ec080000)
  from space 1024K, 68% used [0x00000000ec280000,0x00000000ec32e788,0x00000000ec380000)
  to   space 2048K, 0% used [0x00000000ec700000,0x00000000ec700000,0x00000000ec900000)
 ParOldGen       total 68608K, used 21058K [0x00000000c0000000, 0x00000000c4300000, 0x00000000eab00000)
  object space 68608K, 30% used [0x00000000c0000000,0x00000000c1490b50,0x00000000c4300000)
 Metaspace       used 41401K, committed 42176K, reserved 1089536K
  class space    used 4353K, committed 4672K, reserved 1048576K
}
Event: 6.074 GC heap after
{Heap after GC invocations=18 (full 2):
 PSYoungGen      total 22528K, used 2021K [0x00000000eab00000, 0x00000000ed080000, 0x0000000100000000)
  eden space 20480K, 0% used [0x00000000eab00000,0x00000000eab00000,0x00000000ebf00000)
  from space 2048K, 98% used [0x00000000ec700000,0x00000000ec8f97a0,0x00000000ec900000)
  to   space 8192K, 0% used [0x00000000ebf00000,0x00000000ebf00000,0x00000000ec700000)
 ParOldGen       total 68608K, used 25849K [0x00000000c0000000, 0x00000000c4300000, 0x00000000eab00000)
  object space 68608K, 37% used [0x00000000c0000000,0x00000000c193e7b8,0x00000000c4300000)
 Metaspace       used 41401K, committed 42176K, reserved 1089536K
  class space    used 4353K, committed 4672K, reserved 1048576K
}
Event: 6.469 GC heap before
{Heap before GC invocations=19 (full 2):
 PSYoungGen      total 22528K, used 22501K [0x00000000eab00000, 0x00000000ed080000, 0x0000000100000000)
  eden space 20480K, 99% used [0x00000000eab00000,0x00000000ebefffe8,0x00000000ebf00000)
  from space 2048K, 98% used [0x00000000ec700000,0x00000000ec8f97a0,0x00000000ec900000)
  to   space 8192K, 0% used [0x00000000ebf00000,0x00000000ebf00000,0x00000000ec700000)
 ParOldGen       total 68608K, used 25849K [0x00000000c0000000, 0x00000000c4300000, 0x00000000eab00000)
  object space 68608K, 37% used [0x00000000c0000000,0x00000000c193e7b8,0x00000000c4300000)
 Metaspace       used 43862K, committed 44608K, reserved 1089536K
  class space    used 4660K, committed 4992K, reserved 1048576K
}
Event: 6.470 GC heap after
{Heap after GC invocations=19 (full 2):
 PSYoungGen      total 22016K, used 1504K [0x00000000eab00000, 0x00000000ec780000, 0x0000000100000000)
  eden space 20480K, 0% used [0x00000000eab00000,0x00000000eab00000,0x00000000ebf00000)
  from space 1536K, 97% used [0x00000000ebf00000,0x00000000ec078000,0x00000000ec080000)
  to   space 3584K, 0% used [0x00000000ec400000,0x00000000ec400000,0x00000000ec780000)
 ParOldGen       total 68608K, used 27255K [0x00000000c0000000, 0x00000000c4300000, 0x00000000eab00000)
  object space 68608K, 39% used [0x00000000c0000000,0x00000000c1a9dff8,0x00000000c4300000)
 Metaspace       used 43862K, committed 44608K, reserved 1089536K
  class space    used 4660K, committed 4992K, reserved 1048576K
}

